omegaup.grader.drivers.OmegaUp$@40bb2bc3: caught java.lang.OutOfMemoryError: Java heap space
java.lang.OutOfMemoryError: Java heap space
	at sun.misc.FloatingDecimal.readJavaFormatString(FloatingDecimal.java:1068)
	at java.lang.Double.parseDouble(Double.java:527)
	at scala.collection.immutable.StringLike$class.toDouble(StringLike.scala:234)
	at scala.collection.immutable.StringOps.toDouble(StringOps.scala:31)
	at omegaup.grader.TokenNumericGrader$$anonfun$gradeCase$9.apply(Grader.scala:294)
	at omegaup.grader.TokenNumericGrader$$anonfun$gradeCase$9.apply(Grader.scala:294)
	at omegaup.grader.TokenComparer$class.gradeCase(Grader.scala:252)
	at omegaup.grader.TokenNumericGrader$.gradeCase(Grader.scala:290)
	at omegaup.grader.TokenNumericGrader$.gradeCase(Grader.scala:294)
	at omegaup.grader.Grader$$anonfun$grade$3$$anonfun$5.apply(Grader.scala:132)
	at omegaup.grader.Grader$$anonfun$grade$3$$anonfun$5.apply(Grader.scala:128)
	at scala.collection.TraversableLike$$anonfun$map$1.apply(TraversableLike.scala:194)
	at scala.collection.TraversableLike$$anonfun$map$1.apply(TraversableLike.scala:194)
	at scala.collection.immutable.Map$Map1.foreach(Map.scala:118)
	at scala.collection.TraversableLike$class.map(TraversableLike.scala:194)
	at scala.collection.immutable.Map$Map1.map(Map.scala:106)
	at omegaup.grader.Grader$$anonfun$grade$3.apply(Grader.scala:128)
	at omegaup.grader.Grader$$anonfun$grade$3.apply(Grader.scala:125)
	at scala.collection.TraversableLike$$anonfun$map$1.apply(TraversableLike.scala:194)
	at scala.collection.TraversableLike$$anonfun$map$1.apply(TraversableLike.scala:194)
	at scala.collection.immutable.HashMap$HashMap1.foreach(HashMap.scala:176)
	at scala.collection.immutable.HashMap$HashTrieMap.foreach(HashMap.scala:345)
	at scala.collection.TraversableLike$class.map(TraversableLike.scala:194)
	at scala.collection.immutable.HashMap.map(HashMap.scala:36)
	at omegaup.grader.Grader$class.grade(Grader.scala:125)
	at omegaup.grader.TokenNumericGrader$.grade(Grader.scala:290)
	at omegaup.grader.drivers.OmegaUp$$anonfun$act$1.apply(OmegaUp.scala:76)
	at scala.actors.Actor$class.receive(Actor.scala:547)
	at omegaup.grader.drivers.OmegaUp$.receive(OmegaUp.scala:16)
	at omegaup.grader.drivers.OmegaUp$.act(OmegaUp.scala:20)
	at scala.actors.Reactor$$anonfun$dostart$1.apply(Reactor.scala:222)
	at scala.actors.Reactor$$anonfun$dostart$1.apply(Reactor.scala:222)
omegaup.grader.drivers.OmegaUp$@a2bccb2: caught java.lang.OutOfMemoryError: Java heap space
java.lang.OutOfMemoryError: Java heap space
	at sun.misc.FloatingDecimal.readJavaFormatString(FloatingDecimal.java:1068)
	at java.lang.Double.parseDouble(Double.java:527)
	at scala.collection.immutable.StringLike$class.toDouble(StringLike.scala:234)
	at scala.collection.immutable.StringOps.toDouble(StringOps.scala:31)
	at omegaup.grader.TokenNumericGrader$$anonfun$gradeCase$9.apply(Grader.scala:294)
	at omegaup.grader.TokenNumericGrader$$anonfun$gradeCase$9.apply(Grader.scala:294)
	at omegaup.grader.TokenComparer$class.gradeCase(Grader.scala:252)
	at omegaup.grader.TokenNumericGrader$.gradeCase(Grader.scala:290)
	at omegaup.grader.TokenNumericGrader$.gradeCase(Grader.scala:294)
	at omegaup.grader.Grader$$anonfun$grade$3$$anonfun$5.apply(Grader.scala:132)
	at omegaup.grader.Grader$$anonfun$grade$3$$anonfun$5.apply(Grader.scala:128)
	at scala.collection.TraversableLike$$anonfun$map$1.apply(TraversableLike.scala:194)
	at scala.collection.TraversableLike$$anonfun$map$1.apply(TraversableLike.scala:194)
	at scala.collection.immutable.Map$Map1.foreach(Map.scala:118)
	at scala.collection.TraversableLike$class.map(TraversableLike.scala:194)
	at scala.collection.immutable.Map$Map1.map(Map.scala:106)
	at omegaup.grader.Grader$$anonfun$grade$3.apply(Grader.scala:128)
	at omegaup.grader.Grader$$anonfun$grade$3.apply(Grader.scala:125)
	at scala.collection.TraversableLike$$anonfun$map$1.apply(TraversableLike.scala:194)
	at scala.collection.TraversableLike$$anonfun$map$1.apply(TraversableLike.scala:194)
	at scala.collection.immutable.HashMap$HashMap1.foreach(HashMap.scala:176)
	at scala.collection.immutable.HashMap$HashTrieMap.foreach(HashMap.scala:345)
	at scala.collection.TraversableLike$class.map(TraversableLike.scala:194)
	at scala.collection.immutable.HashMap.map(HashMap.scala:36)
	at omegaup.grader.Grader$class.grade(Grader.scala:125)
	at omegaup.grader.TokenNumericGrader$.grade(Grader.scala:290)
	at omegaup.grader.drivers.OmegaUp$$anonfun$act$1.apply(OmegaUp.scala:76)
	at scala.actors.Actor$class.receive(Actor.scala:547)
	at omegaup.grader.drivers.OmegaUp$.receive(OmegaUp.scala:16)
	at omegaup.grader.drivers.OmegaUp$.act(OmegaUp.scala:20)
	at scala.actors.Reactor$$anonfun$dostart$1.apply(Reactor.scala:222)
	at scala.actors.Reactor$$anonfun$dostart$1.apply(Reactor.scala:222)
omegaup.grader.drivers.OmegaUp$@4ca68fd8: caught java.lang.OutOfMemoryError: Java heap space
java.lang.OutOfMemoryError: Java heap space
	at java.nio.HeapCharBuffer.<init>(HeapCharBuffer.java:57)
	at java.nio.CharBuffer.allocate(CharBuffer.java:329)
	at java.util.Scanner.makeSpace(Scanner.java:833)
	at java.util.Scanner.readInput(Scanner.java:788)
	at java.util.Scanner.hasNext(Scanner.java:1439)
	at omegaup.grader.TokenNumericGrader$$anonfun$gradeCase$7.apply(Grader.scala:294)
	at omegaup.grader.TokenNumericGrader$$anonfun$gradeCase$7.apply(Grader.scala:294)
	at omegaup.grader.TokenComparer$class.gradeCase(Grader.scala:251)
	at omegaup.grader.TokenNumericGrader$.gradeCase(Grader.scala:290)
	at omegaup.grader.TokenNumericGrader$.gradeCase(Grader.scala:294)
	at omegaup.grader.Grader$$anonfun$grade$3$$anonfun$5.apply(Grader.scala:132)
	at omegaup.grader.Grader$$anonfun$grade$3$$anonfun$5.apply(Grader.scala:128)
	at scala.collection.TraversableLike$$anonfun$map$1.apply(TraversableLike.scala:194)
	at scala.collection.TraversableLike$$anonfun$map$1.apply(TraversableLike.scala:194)
	at scala.collection.immutable.Map$Map1.foreach(Map.scala:118)
	at scala.collection.TraversableLike$class.map(TraversableLike.scala:194)
	at scala.collection.immutable.Map$Map1.map(Map.scala:106)
	at omegaup.grader.Grader$$anonfun$grade$3.apply(Grader.scala:128)
	at omegaup.grader.Grader$$anonfun$grade$3.apply(Grader.scala:125)
	at scala.collection.TraversableLike$$anonfun$map$1.apply(TraversableLike.scala:194)
	at scala.collection.TraversableLike$$anonfun$map$1.apply(TraversableLike.scala:194)
	at scala.collection.immutable.HashMap$HashMap1.foreach(HashMap.scala:176)
	at scala.collection.immutable.HashMap$HashTrieMap.foreach(HashMap.scala:345)
	at scala.collection.TraversableLike$class.map(TraversableLike.scala:194)
	at scala.collection.immutable.HashMap.map(HashMap.scala:36)
	at omegaup.grader.Grader$class.grade(Grader.scala:125)
	at omegaup.grader.TokenNumericGrader$.grade(Grader.scala:290)
	at omegaup.grader.drivers.OmegaUp$$anonfun$act$1.apply(OmegaUp.scala:76)
	at scala.actors.Actor$class.receive(Actor.scala:547)
	at omegaup.grader.drivers.OmegaUp$.receive(OmegaUp.scala:16)
	at omegaup.grader.drivers.OmegaUp$.act(OmegaUp.scala:20)
	at scala.actors.Reactor$$anonfun$dostart$1.apply(Reactor.scala:222)
omegaup.grader.drivers.OmegaUp$@6545d2: caught java.lang.OutOfMemoryError: Java heap space
java.lang.OutOfMemoryError: Java heap space
	at java.nio.HeapCharBuffer.<init>(HeapCharBuffer.java:57)
	at java.nio.CharBuffer.allocate(CharBuffer.java:329)
	at java.util.Scanner.makeSpace(Scanner.java:833)
	at java.util.Scanner.readInput(Scanner.java:788)
	at java.util.Scanner.hasNext(Scanner.java:1439)
	at omegaup.grader.TokenNumericGrader$$anonfun$gradeCase$7.apply(Grader.scala:294)
	at omegaup.grader.TokenNumericGrader$$anonfun$gradeCase$7.apply(Grader.scala:294)
	at omegaup.grader.TokenComparer$class.gradeCase(Grader.scala:251)
	at omegaup.grader.TokenNumericGrader$.gradeCase(Grader.scala:290)
	at omegaup.grader.TokenNumericGrader$.gradeCase(Grader.scala:294)
	at omegaup.grader.Grader$$anonfun$grade$3$$anonfun$5.apply(Grader.scala:132)
	at omegaup.grader.Grader$$anonfun$grade$3$$anonfun$5.apply(Grader.scala:128)
	at scala.collection.TraversableLike$$anonfun$map$1.apply(TraversableLike.scala:194)
	at scala.collection.TraversableLike$$anonfun$map$1.apply(TraversableLike.scala:194)
	at scala.collection.immutable.Map$Map1.foreach(Map.scala:118)
	at scala.collection.TraversableLike$class.map(TraversableLike.scala:194)
	at scala.collection.immutable.Map$Map1.map(Map.scala:106)
	at omegaup.grader.Grader$$anonfun$grade$3.apply(Grader.scala:128)
	at omegaup.grader.Grader$$anonfun$grade$3.apply(Grader.scala:125)
	at scala.collection.TraversableLike$$anonfun$map$1.apply(TraversableLike.scala:194)
	at scala.collection.TraversableLike$$anonfun$map$1.apply(TraversableLike.scala:194)
	at scala.collection.immutable.HashMap$HashMap1.foreach(HashMap.scala:176)
	at scala.collection.immutable.HashMap$HashTrieMap.foreach(HashMap.scala:345)
	at scala.collection.TraversableLike$class.map(TraversableLike.scala:194)
	at scala.collection.immutable.HashMap.map(HashMap.scala:36)
	at omegaup.grader.Grader$class.grade(Grader.scala:125)
	at omegaup.grader.TokenNumericGrader$.grade(Grader.scala:290)
	at omegaup.grader.drivers.OmegaUp$$anonfun$act$1.apply(OmegaUp.scala:76)
	at scala.actors.Actor$class.receive(Actor.scala:547)
	at omegaup.grader.drivers.OmegaUp$.receive(OmegaUp.scala:16)
	at omegaup.grader.drivers.OmegaUp$.act(OmegaUp.scala:20)
	at scala.actors.Reactor$$anonfun$dostart$1.apply(Reactor.scala:222)
omegaup.grader.drivers.OmegaUp$@3b8e609b: caught java.lang.OutOfMemoryError: Java heap space
java.lang.OutOfMemoryError: Java heap space
	at java.nio.HeapCharBuffer.<init>(HeapCharBuffer.java:57)
	at java.nio.CharBuffer.allocate(CharBuffer.java:329)
	at java.util.Scanner.makeSpace(Scanner.java:833)
	at java.util.Scanner.readInput(Scanner.java:788)
	at java.util.Scanner.hasNext(Scanner.java:1439)
	at omegaup.grader.TokenNumericGrader$$anonfun$gradeCase$7.apply(Grader.scala:294)
	at omegaup.grader.TokenNumericGrader$$anonfun$gradeCase$7.apply(Grader.scala:294)
	at omegaup.grader.TokenComparer$class.gradeCase(Grader.scala:251)
	at omegaup.grader.TokenNumericGrader$.gradeCase(Grader.scala:290)
	at omegaup.grader.TokenNumericGrader$.gradeCase(Grader.scala:294)
	at omegaup.grader.Grader$$anonfun$grade$3$$anonfun$5.apply(Grader.scala:132)
	at omegaup.grader.Grader$$anonfun$grade$3$$anonfun$5.apply(Grader.scala:128)
	at scala.collection.TraversableLike$$anonfun$map$1.apply(TraversableLike.scala:194)
	at scala.collection.TraversableLike$$anonfun$map$1.apply(TraversableLike.scala:194)
	at scala.collection.immutable.Map$Map1.foreach(Map.scala:118)
	at scala.collection.TraversableLike$class.map(TraversableLike.scala:194)
	at scala.collection.immutable.Map$Map1.map(Map.scala:106)
	at omegaup.grader.Grader$$anonfun$grade$3.apply(Grader.scala:128)
	at omegaup.grader.Grader$$anonfun$grade$3.apply(Grader.scala:125)
	at scala.collection.TraversableLike$$anonfun$map$1.apply(TraversableLike.scala:194)
	at scala.collection.TraversableLike$$anonfun$map$1.apply(TraversableLike.scala:194)
	at scala.collection.immutable.HashMap$HashMap1.foreach(HashMap.scala:176)
	at scala.collection.immutable.HashMap$HashTrieMap.foreach(HashMap.scala:345)
	at scala.collection.TraversableLike$class.map(TraversableLike.scala:194)
	at scala.collection.immutable.HashMap.map(HashMap.scala:36)
	at omegaup.grader.Grader$class.grade(Grader.scala:125)
	at omegaup.grader.TokenNumericGrader$.grade(Grader.scala:290)
	at omegaup.grader.drivers.OmegaUp$$anonfun$act$1.apply(OmegaUp.scala:76)
	at scala.actors.Actor$class.receive(Actor.scala:547)
	at omegaup.grader.drivers.OmegaUp$.receive(OmegaUp.scala:16)
	at omegaup.grader.drivers.OmegaUp$.act(OmegaUp.scala:20)
	at scala.actors.Reactor$$anonfun$dostart$1.apply(Reactor.scala:222)
omegaup.grader.drivers.OmegaUp$@46ed5d9d: caught java.lang.OutOfMemoryError: Java heap space
java.lang.OutOfMemoryError: Java heap space
	at java.nio.HeapCharBuffer.<init>(HeapCharBuffer.java:57)
	at java.nio.CharBuffer.allocate(CharBuffer.java:329)
	at java.util.Scanner.makeSpace(Scanner.java:833)
	at java.util.Scanner.readInput(Scanner.java:788)
	at java.util.Scanner.hasNext(Scanner.java:1439)
	at omegaup.grader.TokenNumericGrader$$anonfun$gradeCase$7.apply(Grader.scala:294)
	at omegaup.grader.TokenNumericGrader$$anonfun$gradeCase$7.apply(Grader.scala:294)
	at omegaup.grader.TokenComparer$class.gradeCase(Grader.scala:251)
	at omegaup.grader.TokenNumericGrader$.gradeCase(Grader.scala:290)
	at omegaup.grader.TokenNumericGrader$.gradeCase(Grader.scala:294)
	at omegaup.grader.Grader$$anonfun$grade$3$$anonfun$5.apply(Grader.scala:132)
	at omegaup.grader.Grader$$anonfun$grade$3$$anonfun$5.apply(Grader.scala:128)
	at scala.collection.TraversableLike$$anonfun$map$1.apply(TraversableLike.scala:194)
	at scala.collection.TraversableLike$$anonfun$map$1.apply(TraversableLike.scala:194)
	at scala.collection.immutable.Map$Map1.foreach(Map.scala:118)
	at scala.collection.TraversableLike$class.map(TraversableLike.scala:194)
	at scala.collection.immutable.Map$Map1.map(Map.scala:106)
	at omegaup.grader.Grader$$anonfun$grade$3.apply(Grader.scala:128)
	at omegaup.grader.Grader$$anonfun$grade$3.apply(Grader.scala:125)
	at scala.collection.TraversableLike$$anonfun$map$1.apply(TraversableLike.scala:194)
	at scala.collection.TraversableLike$$anonfun$map$1.apply(TraversableLike.scala:194)
	at scala.collection.immutable.HashMap$HashMap1.foreach(HashMap.scala:176)
	at scala.collection.immutable.HashMap$HashTrieMap.foreach(HashMap.scala:345)
	at scala.collection.TraversableLike$class.map(TraversableLike.scala:194)
	at scala.collection.immutable.HashMap.map(HashMap.scala:36)
	at omegaup.grader.Grader$class.grade(Grader.scala:125)
	at omegaup.grader.TokenNumericGrader$.grade(Grader.scala:290)
	at omegaup.grader.drivers.OmegaUp$$anonfun$act$1.apply(OmegaUp.scala:76)
	at scala.actors.Actor$class.receive(Actor.scala:547)
	at omegaup.grader.drivers.OmegaUp$.receive(OmegaUp.scala:16)
	at omegaup.grader.drivers.OmegaUp$.act(OmegaUp.scala:20)
	at scala.actors.Reactor$$anonfun$dostart$1.apply(Reactor.scala:222)
omegaup.grader.drivers.OmegaUp$@4ec1a0eb: caught java.lang.OutOfMemoryError: Java heap space
java.lang.OutOfMemoryError: Java heap space
	at sun.misc.FloatingDecimal.readJavaFormatString(FloatingDecimal.java:1068)
	at java.lang.Double.parseDouble(Double.java:527)
	at scala.collection.immutable.StringLike$class.toDouble(StringLike.scala:234)
	at scala.collection.immutable.StringOps.toDouble(StringOps.scala:31)
	at omegaup.grader.TokenNumericGrader$$anonfun$gradeCase$9.apply(Grader.scala:294)
	at omegaup.grader.TokenNumericGrader$$anonfun$gradeCase$9.apply(Grader.scala:294)
	at omegaup.grader.TokenComparer$class.gradeCase(Grader.scala:252)
	at omegaup.grader.TokenNumericGrader$.gradeCase(Grader.scala:290)
	at omegaup.grader.TokenNumericGrader$.gradeCase(Grader.scala:294)
	at omegaup.grader.Grader$$anonfun$grade$3$$anonfun$5.apply(Grader.scala:132)
	at omegaup.grader.Grader$$anonfun$grade$3$$anonfun$5.apply(Grader.scala:128)
	at scala.collection.TraversableLike$$anonfun$map$1.apply(TraversableLike.scala:194)
	at scala.collection.TraversableLike$$anonfun$map$1.apply(TraversableLike.scala:194)
	at scala.collection.immutable.Map$Map1.foreach(Map.scala:118)
	at scala.collection.TraversableLike$class.map(TraversableLike.scala:194)
	at scala.collection.immutable.Map$Map1.map(Map.scala:106)
	at omegaup.grader.Grader$$anonfun$grade$3.apply(Grader.scala:128)
	at omegaup.grader.Grader$$anonfun$grade$3.apply(Grader.scala:125)
	at scala.collection.TraversableLike$$anonfun$map$1.apply(TraversableLike.scala:194)
	at scala.collection.TraversableLike$$anonfun$map$1.apply(TraversableLike.scala:194)
	at scala.collection.immutable.HashMap$HashMap1.foreach(HashMap.scala:176)
	at scala.collection.immutable.HashMap$HashTrieMap.foreach(HashMap.scala:345)
	at scala.collection.TraversableLike$class.map(TraversableLike.scala:194)
	at scala.collection.immutable.HashMap.map(HashMap.scala:36)
	at omegaup.grader.Grader$class.grade(Grader.scala:125)
	at omegaup.grader.TokenNumericGrader$.grade(Grader.scala:290)
	at omegaup.grader.drivers.OmegaUp$$anonfun$act$1.apply(OmegaUp.scala:76)
	at scala.actors.Actor$class.receive(Actor.scala:547)
	at omegaup.grader.drivers.OmegaUp$.receive(OmegaUp.scala:16)
	at omegaup.grader.drivers.OmegaUp$.act(OmegaUp.scala:20)
	at scala.actors.Reactor$$anonfun$dostart$1.apply(Reactor.scala:222)
	at scala.actors.Reactor$$anonfun$dostart$1.apply(Reactor.scala:222)
omegaup.grader.drivers.OmegaUp$@7d5b1773: caught java.lang.OutOfMemoryError: Java heap space
java.lang.OutOfMemoryError: Java heap space
	at java.nio.HeapCharBuffer.<init>(HeapCharBuffer.java:57)
	at java.nio.CharBuffer.allocate(CharBuffer.java:329)
	at java.util.Scanner.makeSpace(Scanner.java:833)
	at java.util.Scanner.readInput(Scanner.java:788)
	at java.util.Scanner.hasNext(Scanner.java:1439)
	at omegaup.grader.TokenNumericGrader$$anonfun$gradeCase$7.apply(Grader.scala:294)
	at omegaup.grader.TokenNumericGrader$$anonfun$gradeCase$7.apply(Grader.scala:294)
	at omegaup.grader.TokenComparer$class.gradeCase(Grader.scala:251)
	at omegaup.grader.TokenNumericGrader$.gradeCase(Grader.scala:290)
	at omegaup.grader.TokenNumericGrader$.gradeCase(Grader.scala:294)
	at omegaup.grader.Grader$$anonfun$grade$3$$anonfun$5.apply(Grader.scala:132)
	at omegaup.grader.Grader$$anonfun$grade$3$$anonfun$5.apply(Grader.scala:128)
	at scala.collection.TraversableLike$$anonfun$map$1.apply(TraversableLike.scala:194)
	at scala.collection.TraversableLike$$anonfun$map$1.apply(TraversableLike.scala:194)
	at scala.collection.immutable.Map$Map1.foreach(Map.scala:118)
	at scala.collection.TraversableLike$class.map(TraversableLike.scala:194)
	at scala.collection.immutable.Map$Map1.map(Map.scala:106)
	at omegaup.grader.Grader$$anonfun$grade$3.apply(Grader.scala:128)
	at omegaup.grader.Grader$$anonfun$grade$3.apply(Grader.scala:125)
	at scala.collection.TraversableLike$$anonfun$map$1.apply(TraversableLike.scala:194)
	at scala.collection.TraversableLike$$anonfun$map$1.apply(TraversableLike.scala:194)
	at scala.collection.immutable.HashMap$HashMap1.foreach(HashMap.scala:176)
	at scala.collection.immutable.HashMap$HashTrieMap.foreach(HashMap.scala:345)
	at scala.collection.TraversableLike$class.map(TraversableLike.scala:194)
	at scala.collection.immutable.HashMap.map(HashMap.scala:36)
	at omegaup.grader.Grader$class.grade(Grader.scala:125)
	at omegaup.grader.TokenNumericGrader$.grade(Grader.scala:290)
	at omegaup.grader.drivers.OmegaUp$$anonfun$act$1.apply(OmegaUp.scala:76)
	at scala.actors.Actor$class.receive(Actor.scala:547)
	at omegaup.grader.drivers.OmegaUp$.receive(OmegaUp.scala:16)
	at omegaup.grader.drivers.OmegaUp$.act(OmegaUp.scala:20)
	at scala.actors.Reactor$$anonfun$dostart$1.apply(Reactor.scala:222)
omegaup.grader.drivers.OmegaUp$@4ca68fd8: caught java.lang.OutOfMemoryError: Java heap space
java.lang.OutOfMemoryError: Java heap space
	at java.nio.HeapCharBuffer.<init>(HeapCharBuffer.java:57)
	at java.nio.CharBuffer.allocate(CharBuffer.java:329)
	at java.util.Scanner.makeSpace(Scanner.java:833)
	at java.util.Scanner.readInput(Scanner.java:788)
	at java.util.Scanner.hasNext(Scanner.java:1439)
	at omegaup.grader.TokenNumericGrader$$anonfun$gradeCase$7.apply(Grader.scala:294)
	at omegaup.grader.TokenNumericGrader$$anonfun$gradeCase$7.apply(Grader.scala:294)
	at omegaup.grader.TokenComparer$class.gradeCase(Grader.scala:251)
	at omegaup.grader.TokenNumericGrader$.gradeCase(Grader.scala:290)
	at omegaup.grader.TokenNumericGrader$.gradeCase(Grader.scala:294)
	at omegaup.grader.Grader$$anonfun$grade$3$$anonfun$5.apply(Grader.scala:132)
	at omegaup.grader.Grader$$anonfun$grade$3$$anonfun$5.apply(Grader.scala:128)
	at scala.collection.TraversableLike$$anonfun$map$1.apply(TraversableLike.scala:194)
	at scala.collection.TraversableLike$$anonfun$map$1.apply(TraversableLike.scala:194)
	at scala.collection.immutable.Map$Map1.foreach(Map.scala:118)
	at scala.collection.TraversableLike$class.map(TraversableLike.scala:194)
	at scala.collection.immutable.Map$Map1.map(Map.scala:106)
	at omegaup.grader.Grader$$anonfun$grade$3.apply(Grader.scala:128)
	at omegaup.grader.Grader$$anonfun$grade$3.apply(Grader.scala:125)
	at scala.collection.TraversableLike$$anonfun$map$1.apply(TraversableLike.scala:194)
	at scala.collection.TraversableLike$$anonfun$map$1.apply(TraversableLike.scala:194)
	at scala.collection.immutable.HashMap$HashMap1.foreach(HashMap.scala:176)
	at scala.collection.immutable.HashMap$HashTrieMap.foreach(HashMap.scala:345)
	at scala.collection.TraversableLike$class.map(TraversableLike.scala:194)
	at scala.collection.immutable.HashMap.map(HashMap.scala:36)
	at omegaup.grader.Grader$class.grade(Grader.scala:125)
	at omegaup.grader.TokenNumericGrader$.grade(Grader.scala:290)
	at omegaup.grader.drivers.OmegaUp$$anonfun$act$1.apply(OmegaUp.scala:76)
	at scala.actors.Actor$class.receive(Actor.scala:547)
	at omegaup.grader.drivers.OmegaUp$.receive(OmegaUp.scala:16)
	at omegaup.grader.drivers.OmegaUp$.act(OmegaUp.scala:20)
	at scala.actors.Reactor$$anonfun$dostart$1.apply(Reactor.scala:222)
